<?xml version="1.0" encoding="UTF-8"?>
<!-- Generated by org.testng.reporters.JUnitReportReporter -->
<testsuite hostname="DESKTOP-9IFTCKI" failures="0" tests="1" name="CucumberOptions.TestRunner" time="62.498" errors="0" timestamp="2024-06-20T22:16:59 IST" skipped="0">
  <testcase classname="CucumberOptions.TestRunner" name="runScenario" time="62.498"/>
</testsuite> <!-- CucumberOptions.TestRunner -->
