<?xml version="1.0" encoding="UTF-8"?>
<!-- Generated by org.testng.reporters.JUnitReportReporter -->
<testsuite hostname="DESKTOP-9IFTCKI" failures="0" tests="1" name="CucumberOptions.TestRunner" time="61.636" errors="0" timestamp="2024-06-26T00:16:02 IST" skipped="0">
  <testcase classname="CucumberOptions.TestRunner" name="runScenario" time="61.636"/>
</testsuite> <!-- CucumberOptions.TestRunner -->
